/home/wuyang/anaconda3/envs/maskrcnn_benchmark/bin/python /home/wuyang/pycharm-2018.3.4/helpers/pydev/pydevconsole.py --mode=client --port=34133
import sys; print('Python %s on %s' % (sys.version, sys.platform))
sys.path.extend(['/home/wuyang/maskrcnn-benchmark'])
Python 3.6.8 |Anaconda, Inc.| (default, Dec 30 2018, 01:22:34)
Type 'copyright', 'credits' or 'license' for more information
IPython 7.5.0 -- An enhanced Interactive Python. Type '?' for help.
PyDev console: using IPython 7.5.0
Python 3.6.8 |Anaconda, Inc.| (default, Dec 30 2018, 01:22:34)
[GCC 7.3.0] on linux

lstm, with self defined remove tiny bbox.. seems like it won't work.

runfile('/home/wuyang/maskrcnn-benchmark/prediction/region_proposal_pred.py', wdir='/home/wuyang/maskrcnn-benchmark/prediction')
Epoch: 1, batch 10, IoU loss:0.05943, score loss:0.05943, cc loss:0.05943
Epoch: 1, batch 20, IoU loss:0.06359, score loss:0.06359, cc loss:0.06359
Epoch: 1, batch 30, IoU loss:0.05733, score loss:0.05733, cc loss:0.05733
Epoch: 1, batch 40, IoU loss:0.05871, score loss:0.05871, cc loss:0.05871
Epoch: 1, batch 50, IoU loss:0.06489, score loss:0.06489, cc loss:0.06489
Epoch: 1, batch 60, IoU loss:0.04140, score loss:0.04140, cc loss:0.04140
Epoch: 1, batch 70, IoU loss:0.06154, score loss:0.06154, cc loss:0.06154
Epoch: 1, batch 80, IoU loss:0.07022, score loss:0.07022, cc loss:0.07022
Epoch: 1, batch 90, IoU loss:0.05688, score loss:0.05688, cc loss:0.05688
Epoch: 1, batch 100, IoU loss:0.08113, score loss:0.08113, cc loss:0.08113
Epoch: 1, batch 110, IoU loss:0.06039, score loss:0.06039, cc loss:0.06039
Epoch: 1, batch 120, IoU loss:0.07792, score loss:0.07792, cc loss:0.07792
Epoch: 1, batch 130, IoU loss:0.06061, score loss:0.06061, cc loss:0.06061
Epoch: 1, batch 140, IoU loss:0.06845, score loss:0.06845, cc loss:0.06845
Epoch: 1, batch 150, IoU loss:0.06728, score loss:0.06728, cc loss:0.06728
Epoch: 1, batch 160, IoU loss:0.07449, score loss:0.07449, cc loss:0.07449
Epoch: 1, batch 170, IoU loss:0.06593, score loss:0.06593, cc loss:0.06593
Epoch: 1, batch 180, IoU loss:0.05663, score loss:0.05663, cc loss:0.05663
Epoch: 1, batch 190, IoU loss:0.06672, score loss:0.06672, cc loss:0.06672
Epoch: 1, batch 200, IoU loss:0.07157, score loss:0.07157, cc loss:0.07157
Epoch: 1, batch 210, IoU loss:0.07618, score loss:0.07618, cc loss:0.07618
Epoch: 1, batch 220, IoU loss:0.06056, score loss:0.06056, cc loss:0.06056
Epoch: 1, batch 230, IoU loss:0.05858, score loss:0.05858, cc loss:0.05858
Epoch: 1, batch 240, IoU loss:0.04586, score loss:0.04586, cc loss:0.04586
Epoch: 1, batch 250, IoU loss:0.05945, score loss:0.05945, cc loss:0.05945
Epoch: 1, batch 260, IoU loss:0.05531, score loss:0.05531, cc loss:0.05531
Epoch: 1, batch 270, IoU loss:0.05660, score loss:0.05660, cc loss:0.05660
Epoch: 1, batch 280, IoU loss:0.05269, score loss:0.05269, cc loss:0.05269
Epoch: 1, batch 290, IoU loss:0.09604, score loss:0.09604, cc loss:0.09604
Epoch: 1, batch 300, IoU loss:0.03360, score loss:0.03360, cc loss:0.03360
Epoch: 1, batch 310, IoU loss:0.05546, score loss:0.05546, cc loss:0.05546
Epoch: 1, batch 320, IoU loss:0.04971, score loss:0.04971, cc loss:0.04971
Epoch: 1, batch 330, IoU loss:0.05230, score loss:0.05230, cc loss:0.05230
Epoch: 1, batch 340, IoU loss:0.08165, score loss:0.08165, cc loss:0.08165
Epoch: 1, batch 350, IoU loss:0.06899, score loss:0.06899, cc loss:0.06899
Epoch: 1, batch 360, IoU loss:0.04669, score loss:0.04669, cc loss:0.04669
Epoch: 1, batch 370, IoU loss:0.05815, score loss:0.05815, cc loss:0.05815
Epoch: 1, batch 380, IoU loss:0.06659, score loss:0.06659, cc loss:0.06659
Epoch: 1, batch 390, IoU loss:0.04830, score loss:0.04830, cc loss:0.04830
Epoch: 1, batch 400, IoU loss:0.05647, score loss:0.05647, cc loss:0.05647
Epoch: 1, batch 410, IoU loss:0.04367, score loss:0.04367, cc loss:0.04367
Epoch: 1, batch 420, IoU loss:0.05340, score loss:0.05340, cc loss:0.05340
Epoch: 1, batch 430, IoU loss:0.05394, score loss:0.05394, cc loss:0.05394
Epoch: 1, batch 440, IoU loss:0.06586, score loss:0.06586, cc loss:0.06586
Epoch: 1, batch 450, IoU loss:0.04576, score loss:0.04576, cc loss:0.04576
Epoch: 1, batch 460, IoU loss:0.05997, score loss:0.05997, cc loss:0.05997
Epoch: 1, batch 470, IoU loss:0.04042, score loss:0.04042, cc loss:0.04042
Epoch: 1, batch 480, IoU loss:0.06011, score loss:0.06011, cc loss:0.06011
Epoch: 1, batch 490, IoU loss:0.04868, score loss:0.04868, cc loss:0.04868
Epoch: 1, batch 500, IoU loss:0.05683, score loss:0.05683, cc loss:0.05683
Epoch: 2, batch 9, IoU loss:0.04827, score loss:0.04827, cc loss:0.04827
Epoch: 2, batch 19, IoU loss:0.04490, score loss:0.04490, cc loss:0.04490
Epoch: 2, batch 29, IoU loss:0.05111, score loss:0.05111, cc loss:0.05111
Epoch: 2, batch 39, IoU loss:0.07153, score loss:0.07153, cc loss:0.07153
Epoch: 2, batch 49, IoU loss:0.05646, score loss:0.05646, cc loss:0.05646
Epoch: 2, batch 59, IoU loss:0.05966, score loss:0.05966, cc loss:0.05966
Epoch: 2, batch 69, IoU loss:0.06316, score loss:0.06316, cc loss:0.06316
Epoch: 2, batch 79, IoU loss:0.07635, score loss:0.07635, cc loss:0.07635
Epoch: 2, batch 89, IoU loss:0.04529, score loss:0.04529, cc loss:0.04529
Epoch: 2, batch 99, IoU loss:0.05450, score loss:0.05450, cc loss:0.05450
Epoch: 2, batch 109, IoU loss:0.04820, score loss:0.04820, cc loss:0.04820
Epoch: 2, batch 119, IoU loss:0.08429, score loss:0.08429, cc loss:0.08429
Epoch: 2, batch 129, IoU loss:0.05317, score loss:0.05317, cc loss:0.05317
Epoch: 2, batch 139, IoU loss:0.07991, score loss:0.07991, cc loss:0.07991
Epoch: 2, batch 149, IoU loss:0.07721, score loss:0.07721, cc loss:0.07721
Epoch: 2, batch 159, IoU loss:0.05522, score loss:0.05522, cc loss:0.05522
Epoch: 2, batch 169, IoU loss:0.07655, score loss:0.07655, cc loss:0.07655
Epoch: 2, batch 179, IoU loss:0.05870, score loss:0.05870, cc loss:0.05870
Epoch: 2, batch 189, IoU loss:0.06201, score loss:0.06201, cc loss:0.06201
Epoch: 2, batch 199, IoU loss:0.04193, score loss:0.04193, cc loss:0.04193
Epoch: 2, batch 209, IoU loss:0.06875, score loss:0.06875, cc loss:0.06875
Epoch: 2, batch 219, IoU loss:0.05689, score loss:0.05689, cc loss:0.05689
Epoch: 2, batch 229, IoU loss:0.04408, score loss:0.04408, cc loss:0.04408
Epoch: 2, batch 239, IoU loss:0.05215, score loss:0.05215, cc loss:0.05215
Epoch: 2, batch 249, IoU loss:0.07009, score loss:0.07009, cc loss:0.07009
Epoch: 2, batch 259, IoU loss:0.04790, score loss:0.04790, cc loss:0.04790
Epoch: 2, batch 269, IoU loss:0.04927, score loss:0.04927, cc loss:0.04927
Epoch: 2, batch 279, IoU loss:0.06815, score loss:0.06815, cc loss:0.06815
Epoch: 2, batch 289, IoU loss:0.03070, score loss:0.03070, cc loss:0.03070
Epoch: 2, batch 299, IoU loss:0.06107, score loss:0.06107, cc loss:0.06107
Epoch: 2, batch 309, IoU loss:0.08464, score loss:0.08464, cc loss:0.08464
Epoch: 2, batch 319, IoU loss:0.06861, score loss:0.06861, cc loss:0.06861
Epoch: 2, batch 329, IoU loss:0.05545, score loss:0.05545, cc loss:0.05545
Epoch: 2, batch 339, IoU loss:0.07455, score loss:0.07455, cc loss:0.07455
Epoch: 2, batch 349, IoU loss:0.05393, score loss:0.05393, cc loss:0.05393
Epoch: 2, batch 359, IoU loss:0.06403, score loss:0.06403, cc loss:0.06403
Epoch: 2, batch 369, IoU loss:0.06086, score loss:0.06086, cc loss:0.06086
Epoch: 2, batch 379, IoU loss:0.05039, score loss:0.05039, cc loss:0.05039
Epoch: 2, batch 389, IoU loss:0.04625, score loss:0.04625, cc loss:0.04625
Epoch: 2, batch 399, IoU loss:0.04691, score loss:0.04691, cc loss:0.04691
Epoch: 2, batch 409, IoU loss:0.05886, score loss:0.05886, cc loss:0.05886
Epoch: 2, batch 419, IoU loss:0.05806, score loss:0.05806, cc loss:0.05806
Epoch: 2, batch 429, IoU loss:0.06210, score loss:0.06210, cc loss:0.06210
Epoch: 2, batch 439, IoU loss:0.06525, score loss:0.06525, cc loss:0.06525
Epoch: 2, batch 449, IoU loss:0.08128, score loss:0.08128, cc loss:0.08128
Epoch: 2, batch 459, IoU loss:0.06444, score loss:0.06444, cc loss:0.06444
Epoch: 2, batch 469, IoU loss:0.02324, score loss:0.02324, cc loss:0.02324
Epoch: 2, batch 479, IoU loss:0.03317, score loss:0.03317, cc loss:0.03317
Epoch: 2, batch 489, IoU loss:0.06309, score loss:0.06309, cc loss:0.06309
Epoch: 2, batch 499, IoU loss:0.07760, score loss:0.07760, cc loss:0.07760
Epoch: 3, batch 8, IoU loss:0.05607, score loss:0.05607, cc loss:0.05607
Epoch: 3, batch 18, IoU loss:0.06655, score loss:0.06655, cc loss:0.06655
Epoch: 3, batch 28, IoU loss:0.05747, score loss:0.05747, cc loss:0.05747
Epoch: 3, batch 38, IoU loss:0.06296, score loss:0.06296, cc loss:0.06296
Epoch: 3, batch 48, IoU loss:0.05698, score loss:0.05698, cc loss:0.05698
Epoch: 3, batch 58, IoU loss:0.06617, score loss:0.06617, cc loss:0.06617
Epoch: 3, batch 68, IoU loss:0.08486, score loss:0.08486, cc loss:0.08486
Epoch: 3, batch 78, IoU loss:0.06098, score loss:0.06098, cc loss:0.06098
Epoch: 3, batch 88, IoU loss:0.06846, score loss:0.06846, cc loss:0.06846
Epoch: 3, batch 98, IoU loss:0.06874, score loss:0.06874, cc loss:0.06874
Epoch: 3, batch 108, IoU loss:0.07370, score loss:0.07370, cc loss:0.07370
Epoch: 3, batch 118, IoU loss:0.06320, score loss:0.06320, cc loss:0.06320
Epoch: 3, batch 128, IoU loss:0.05246, score loss:0.05246, cc loss:0.05246
Epoch: 3, batch 138, IoU loss:0.05906, score loss:0.05906, cc loss:0.05906
Epoch: 3, batch 148, IoU loss:0.05194, score loss:0.05194, cc loss:0.05194
Epoch: 3, batch 158, IoU loss:0.07030, score loss:0.07030, cc loss:0.07030
Epoch: 3, batch 168, IoU loss:0.02702, score loss:0.02702, cc loss:0.02702
Epoch: 3, batch 178, IoU loss:0.04315, score loss:0.04315, cc loss:0.04315
Epoch: 3, batch 188, IoU loss:0.05597, score loss:0.05597, cc loss:0.05597
Epoch: 3, batch 198, IoU loss:0.06622, score loss:0.06622, cc loss:0.06622
Epoch: 3, batch 208, IoU loss:0.05901, score loss:0.05901, cc loss:0.05901
Epoch: 3, batch 218, IoU loss:0.06025, score loss:0.06025, cc loss:0.06025
Epoch: 3, batch 228, IoU loss:0.06978, score loss:0.06978, cc loss:0.06978
Epoch: 3, batch 238, IoU loss:0.04204, score loss:0.04204, cc loss:0.04204
Epoch: 3, batch 248, IoU loss:0.05645, score loss:0.05645, cc loss:0.05645
Epoch: 3, batch 258, IoU loss:0.03827, score loss:0.03827, cc loss:0.03827
Epoch: 3, batch 268, IoU loss:0.06775, score loss:0.06775, cc loss:0.06775
Epoch: 3, batch 278, IoU loss:0.04555, score loss:0.04555, cc loss:0.04555
Epoch: 3, batch 288, IoU loss:0.07517, score loss:0.07517, cc loss:0.07517
Epoch: 3, batch 298, IoU loss:0.03889, score loss:0.03889, cc loss:0.03889
Epoch: 3, batch 308, IoU loss:0.06030, score loss:0.06030, cc loss:0.06030
Epoch: 3, batch 318, IoU loss:0.05080, score loss:0.05080, cc loss:0.05080
Epoch: 3, batch 328, IoU loss:0.03785, score loss:0.03785, cc loss:0.03785
Epoch: 3, batch 338, IoU loss:0.04389, score loss:0.04389, cc loss:0.04389
Epoch: 3, batch 348, IoU loss:0.05782, score loss:0.05782, cc loss:0.05782
Epoch: 3, batch 358, IoU loss:0.09741, score loss:0.09741, cc loss:0.09741
Epoch: 3, batch 368, IoU loss:0.06798, score loss:0.06798, cc loss:0.06798
Epoch: 3, batch 378, IoU loss:0.05169, score loss:0.05169, cc loss:0.05169
Epoch: 3, batch 388, IoU loss:0.04991, score loss:0.04991, cc loss:0.04991
Epoch: 3, batch 398, IoU loss:0.05557, score loss:0.05557, cc loss:0.05557
Epoch: 3, batch 408, IoU loss:0.06589, score loss:0.06589, cc loss:0.06589
Epoch: 3, batch 418, IoU loss:0.07430, score loss:0.07430, cc loss:0.07430
Epoch: 3, batch 428, IoU loss:0.07079, score loss:0.07079, cc loss:0.07079
Epoch: 3, batch 438, IoU loss:0.04940, score loss:0.04940, cc loss:0.04940
Epoch: 3, batch 448, IoU loss:0.04698, score loss:0.04698, cc loss:0.04698
Epoch: 3, batch 458, IoU loss:0.04368, score loss:0.04368, cc loss:0.04368
Epoch: 3, batch 468, IoU loss:0.07233, score loss:0.07233, cc loss:0.07233
Epoch: 3, batch 478, IoU loss:0.07488, score loss:0.07488, cc loss:0.07488
Epoch: 3, batch 488, IoU loss:0.05567, score loss:0.05567, cc loss:0.05567
Epoch: 3, batch 498, IoU loss:0.05744, score loss:0.05744, cc loss:0.05744
Epoch: 4, batch 7, IoU loss:0.05307, score loss:0.05307, cc loss:0.05307
Epoch: 4, batch 17, IoU loss:0.04466, score loss:0.04466, cc loss:0.04466
Epoch: 4, batch 27, IoU loss:0.05470, score loss:0.05470, cc loss:0.05470
Epoch: 4, batch 37, IoU loss:0.06375, score loss:0.06375, cc loss:0.06375
Epoch: 4, batch 47, IoU loss:0.05905, score loss:0.05905, cc loss:0.05905
Epoch: 4, batch 57, IoU loss:0.05201, score loss:0.05201, cc loss:0.05201
Epoch: 4, batch 67, IoU loss:0.07392, score loss:0.07392, cc loss:0.07392
Epoch: 4, batch 77, IoU loss:0.05943, score loss:0.05943, cc loss:0.05943
Epoch: 4, batch 87, IoU loss:0.04151, score loss:0.04151, cc loss:0.04151
Epoch: 4, batch 97, IoU loss:0.04787, score loss:0.04787, cc loss:0.04787
Epoch: 4, batch 107, IoU loss:0.05914, score loss:0.05914, cc loss:0.05914
Epoch: 4, batch 117, IoU loss:0.05090, score loss:0.05090, cc loss:0.05090
Epoch: 4, batch 127, IoU loss:0.04043, score loss:0.04043, cc loss:0.04043
Epoch: 4, batch 137, IoU loss:0.04570, score loss:0.04570, cc loss:0.04570
Epoch: 4, batch 147, IoU loss:0.06088, score loss:0.06088, cc loss:0.06088
Epoch: 4, batch 157, IoU loss:0.05180, score loss:0.05180, cc loss:0.05180
Epoch: 4, batch 167, IoU loss:0.06893, score loss:0.06893, cc loss:0.06893
Epoch: 4, batch 177, IoU loss:0.04811, score loss:0.04811, cc loss:0.04811
Epoch: 4, batch 187, IoU loss:0.07221, score loss:0.07221, cc loss:0.07221
Epoch: 4, batch 197, IoU loss:0.05489, score loss:0.05489, cc loss:0.05489
Epoch: 4, batch 207, IoU loss:0.06935, score loss:0.06935, cc loss:0.06935
Epoch: 4, batch 217, IoU loss:0.07376, score loss:0.07376, cc loss:0.07376
Epoch: 4, batch 227, IoU loss:0.05891, score loss:0.05891, cc loss:0.05891
Epoch: 4, batch 237, IoU loss:0.05698, score loss:0.05698, cc loss:0.05698
Epoch: 4, batch 247, IoU loss:0.06015, score loss:0.06015, cc loss:0.06015
Epoch: 4, batch 257, IoU loss:0.07573, score loss:0.07573, cc loss:0.07573
Epoch: 4, batch 267, IoU loss:0.05856, score loss:0.05856, cc loss:0.05856
Epoch: 4, batch 277, IoU loss:0.06100, score loss:0.06100, cc loss:0.06100
Epoch: 4, batch 287, IoU loss:0.05780, score loss:0.05780, cc loss:0.05780
Epoch: 4, batch 297, IoU loss:0.05243, score loss:0.05243, cc loss:0.05243
Epoch: 4, batch 307, IoU loss:0.04972, score loss:0.04972, cc loss:0.04972
Epoch: 4, batch 317, IoU loss:0.05142, score loss:0.05142, cc loss:0.05142
Epoch: 4, batch 327, IoU loss:0.04652, score loss:0.04652, cc loss:0.04652
Epoch: 4, batch 337, IoU loss:0.05203, score loss:0.05203, cc loss:0.05203
Epoch: 4, batch 347, IoU loss:0.07012, score loss:0.07012, cc loss:0.07012
Epoch: 4, batch 357, IoU loss:0.04895, score loss:0.04895, cc loss:0.04895
Epoch: 4, batch 367, IoU loss:0.06115, score loss:0.06115, cc loss:0.06115
Epoch: 4, batch 377, IoU loss:0.05613, score loss:0.05613, cc loss:0.05613
Epoch: 4, batch 387, IoU loss:0.05106, score loss:0.05106, cc loss:0.05106
Epoch: 4, batch 397, IoU loss:0.04310, score loss:0.04310, cc loss:0.04310
Epoch: 4, batch 407, IoU loss:0.05464, score loss:0.05464, cc loss:0.05464
Epoch: 4, batch 417, IoU loss:0.06321, score loss:0.06321, cc loss:0.06321
Epoch: 4, batch 427, IoU loss:0.07012, score loss:0.07012, cc loss:0.07012
Epoch: 4, batch 437, IoU loss:0.07010, score loss:0.07010, cc loss:0.07010
Epoch: 4, batch 447, IoU loss:0.05900, score loss:0.05900, cc loss:0.05900
Epoch: 4, batch 457, IoU loss:0.08491, score loss:0.08491, cc loss:0.08491
Epoch: 4, batch 467, IoU loss:0.06029, score loss:0.06029, cc loss:0.06029
Epoch: 4, batch 477, IoU loss:0.07072, score loss:0.07072, cc loss:0.07072
Epoch: 4, batch 487, IoU loss:0.06975, score loss:0.06975, cc loss:0.06975
Epoch: 4, batch 497, IoU loss:0.06426, score loss:0.06426, cc loss:0.06426
Epoch: 5, batch 6, IoU loss:0.09949, score loss:0.09949, cc loss:0.09949
Epoch: 5, batch 16, IoU loss:0.06468, score loss:0.06468, cc loss:0.06468
Epoch: 5, batch 26, IoU loss:0.08165, score loss:0.08165, cc loss:0.08165
Epoch: 5, batch 36, IoU loss:0.05821, score loss:0.05821, cc loss:0.05821
Epoch: 5, batch 46, IoU loss:0.06113, score loss:0.06113, cc loss:0.06113
Epoch: 5, batch 56, IoU loss:0.06115, score loss:0.06115, cc loss:0.06115
Epoch: 5, batch 66, IoU loss:0.06253, score loss:0.06253, cc loss:0.06253
Epoch: 5, batch 76, IoU loss:0.08726, score loss:0.08726, cc loss:0.08726
Epoch: 5, batch 86, IoU loss:0.09235, score loss:0.09235, cc loss:0.09235
Epoch: 5, batch 96, IoU loss:0.04620, score loss:0.04620, cc loss:0.04620
Epoch: 5, batch 106, IoU loss:0.07017, score loss:0.07017, cc loss:0.07017
Epoch: 5, batch 116, IoU loss:0.03405, score loss:0.03405, cc loss:0.03405
Epoch: 5, batch 126, IoU loss:0.05974, score loss:0.05974, cc loss:0.05974
Epoch: 5, batch 136, IoU loss:0.05569, score loss:0.05569, cc loss:0.05569
Epoch: 5, batch 146, IoU loss:0.08184, score loss:0.08184, cc loss:0.08184
Epoch: 5, batch 156, IoU loss:0.05589, score loss:0.05589, cc loss:0.05589
Epoch: 5, batch 166, IoU loss:0.04583, score loss:0.04583, cc loss:0.04583
Epoch: 5, batch 176, IoU loss:0.09611, score loss:0.09611, cc loss:0.09611
Epoch: 5, batch 186, IoU loss:0.04855, score loss:0.04855, cc loss:0.04855
Epoch: 5, batch 196, IoU loss:0.06085, score loss:0.06085, cc loss:0.06085
Epoch: 5, batch 206, IoU loss:0.07029, score loss:0.07029, cc loss:0.07029
Epoch: 5, batch 216, IoU loss:0.06987, score loss:0.06987, cc loss:0.06987
Epoch: 5, batch 226, IoU loss:0.05037, score loss:0.05037, cc loss:0.05037
Epoch: 5, batch 236, IoU loss:0.06414, score loss:0.06414, cc loss:0.06414
Epoch: 5, batch 246, IoU loss:0.06696, score loss:0.06696, cc loss:0.06696
Epoch: 5, batch 256, IoU loss:0.04460, score loss:0.04460, cc loss:0.04460
Epoch: 5, batch 266, IoU loss:0.07405, score loss:0.07405, cc loss:0.07405
Epoch: 5, batch 276, IoU loss:0.06163, score loss:0.06163, cc loss:0.06163
Epoch: 5, batch 286, IoU loss:0.03761, score loss:0.03761, cc loss:0.03761
Epoch: 5, batch 296, IoU loss:0.04587, score loss:0.04587, cc loss:0.04587
Epoch: 5, batch 306, IoU loss:0.06158, score loss:0.06158, cc loss:0.06158
Epoch: 5, batch 316, IoU loss:0.05466, score loss:0.05466, cc loss:0.05466
Epoch: 5, batch 326, IoU loss:0.07304, score loss:0.07304, cc loss:0.07304
Epoch: 5, batch 336, IoU loss:0.05473, score loss:0.05473, cc loss:0.05473
Epoch: 5, batch 346, IoU loss:0.04146, score loss:0.04146, cc loss:0.04146
Epoch: 5, batch 356, IoU loss:0.04233, score loss:0.04233, cc loss:0.04233
Epoch: 5, batch 366, IoU loss:0.05843, score loss:0.05843, cc loss:0.05843
Epoch: 5, batch 376, IoU loss:0.07094, score loss:0.07094, cc loss:0.07094
Epoch: 5, batch 386, IoU loss:0.04706, score loss:0.04706, cc loss:0.04706
Epoch: 5, batch 396, IoU loss:0.08342, score loss:0.08342, cc loss:0.08342
Epoch: 5, batch 406, IoU loss:0.04785, score loss:0.04785, cc loss:0.04785
Epoch: 5, batch 416, IoU loss:0.06281, score loss:0.06281, cc loss:0.06281
Epoch: 5, batch 426, IoU loss:0.05096, score loss:0.05096, cc loss:0.05096
Epoch: 5, batch 436, IoU loss:0.05250, score loss:0.05250, cc loss:0.05250
Epoch: 5, batch 446, IoU loss:0.05839, score loss:0.05839, cc loss:0.05839
Epoch: 5, batch 456, IoU loss:0.04381, score loss:0.04381, cc loss:0.04381
Epoch: 5, batch 466, IoU loss:0.03642, score loss:0.03642, cc loss:0.03642
Epoch: 5, batch 476, IoU loss:0.06579, score loss:0.06579, cc loss:0.06579
Epoch: 5, batch 486, IoU loss:0.05234, score loss:0.05234, cc loss:0.05234
Epoch: 5, batch 496, IoU loss:0.06676, score loss:0.06676, cc loss:0.06676
Epoch: 6, batch 5, IoU loss:0.05125, score loss:0.05125, cc loss:0.05125
Epoch: 6, batch 15, IoU loss:0.05676, score loss:0.05676, cc loss:0.05676
Epoch: 6, batch 25, IoU loss:0.07307, score loss:0.07307, cc loss:0.07307
Epoch: 6, batch 35, IoU loss:0.06633, score loss:0.06633, cc loss:0.06633
Epoch: 6, batch 45, IoU loss:0.05337, score loss:0.05337, cc loss:0.05337
Epoch: 6, batch 55, IoU loss:0.05669, score loss:0.05669, cc loss:0.05669
Epoch: 6, batch 65, IoU loss:0.08982, score loss:0.08982, cc loss:0.08982
Epoch: 6, batch 75, IoU loss:0.07465, score loss:0.07465, cc loss:0.07465
Epoch: 6, batch 85, IoU loss:0.04747, score loss:0.04747, cc loss:0.04747
Epoch: 6, batch 95, IoU loss:0.06150, score loss:0.06150, cc loss:0.06150
Epoch: 6, batch 105, IoU loss:0.05723, score loss:0.05723, cc loss:0.05723
Epoch: 6, batch 115, IoU loss:0.06065, score loss:0.06065, cc loss:0.06065
Epoch: 6, batch 125, IoU loss:0.06917, score loss:0.06917, cc loss:0.06917
Epoch: 6, batch 135, IoU loss:0.04004, score loss:0.04004, cc loss:0.04004
Epoch: 6, batch 145, IoU loss:0.06171, score loss:0.06171, cc loss:0.06171
Epoch: 6, batch 155, IoU loss:0.07373, score loss:0.07373, cc loss:0.07373
Epoch: 6, batch 165, IoU loss:0.07721, score loss:0.07721, cc loss:0.07721
Epoch: 6, batch 175, IoU loss:0.04827, score loss:0.04827, cc loss:0.04827
Epoch: 6, batch 185, IoU loss:0.06881, score loss:0.06881, cc loss:0.06881
Epoch: 6, batch 195, IoU loss:0.05322, score loss:0.05322, cc loss:0.05322
Epoch: 6, batch 205, IoU loss:0.05582, score loss:0.05582, cc loss:0.05582
Epoch: 6, batch 215, IoU loss:0.05221, score loss:0.05221, cc loss:0.05221
Epoch: 6, batch 225, IoU loss:0.08036, score loss:0.08036, cc loss:0.08036
Epoch: 6, batch 235, IoU loss:0.05579, score loss:0.05579, cc loss:0.05579
Epoch: 6, batch 245, IoU loss:0.08586, score loss:0.08586, cc loss:0.08586
Epoch: 6, batch 255, IoU loss:0.04666, score loss:0.04666, cc loss:0.04666
Epoch: 6, batch 265, IoU loss:0.06427, score loss:0.06427, cc loss:0.06427
Epoch: 6, batch 275, IoU loss:0.05327, score loss:0.05327, cc loss:0.05327
Epoch: 6, batch 285, IoU loss:0.03836, score loss:0.03836, cc loss:0.03836
Epoch: 6, batch 295, IoU loss:0.04794, score loss:0.04794, cc loss:0.04794
Epoch: 6, batch 305, IoU loss:0.06877, score loss:0.06877, cc loss:0.06877
Epoch: 6, batch 315, IoU loss:0.05595, score loss:0.05595, cc loss:0.05595
Epoch: 6, batch 325, IoU loss:0.08037, score loss:0.08037, cc loss:0.08037
Epoch: 6, batch 335, IoU loss:0.06378, score loss:0.06378, cc loss:0.06378
Epoch: 6, batch 345, IoU loss:0.07634, score loss:0.07634, cc loss:0.07634
Epoch: 6, batch 355, IoU loss:0.06956, score loss:0.06956, cc loss:0.06956
Epoch: 6, batch 365, IoU loss:0.06945, score loss:0.06945, cc loss:0.06945
Epoch: 6, batch 375, IoU loss:0.05597, score loss:0.05597, cc loss:0.05597
Epoch: 6, batch 385, IoU loss:0.05309, score loss:0.05309, cc loss:0.05309
Epoch: 6, batch 395, IoU loss:0.05781, score loss:0.05781, cc loss:0.05781
Epoch: 6, batch 405, IoU loss:0.06897, score loss:0.06897, cc loss:0.06897
Epoch: 6, batch 415, IoU loss:0.07678, score loss:0.07678, cc loss:0.07678
Epoch: 6, batch 425, IoU loss:0.06122, score loss:0.06122, cc loss:0.06122
Epoch: 6, batch 435, IoU loss:0.05133, score loss:0.05133, cc loss:0.05133
Epoch: 6, batch 445, IoU loss:0.06781, score loss:0.06781, cc loss:0.06781
Epoch: 6, batch 455, IoU loss:0.05542, score loss:0.05542, cc loss:0.05542
Epoch: 6, batch 465, IoU loss:0.06556, score loss:0.06556, cc loss:0.06556
Epoch: 6, batch 475, IoU loss:0.04650, score loss:0.04650, cc loss:0.04650
Epoch: 6, batch 485, IoU loss:0.05211, score loss:0.05211, cc loss:0.05211
Epoch: 6, batch 495, IoU loss:0.07674, score loss:0.07674, cc loss:0.07674
Epoch: 7, batch 4, IoU loss:0.06079, score loss:0.06079, cc loss:0.06079
Epoch: 7, batch 14, IoU loss:0.05094, score loss:0.05094, cc loss:0.05094
Epoch: 7, batch 24, IoU loss:0.06942, score loss:0.06942, cc loss:0.06942
Epoch: 7, batch 34, IoU loss:0.08392, score loss:0.08392, cc loss:0.08392
Epoch: 7, batch 44, IoU loss:0.07429, score loss:0.07429, cc loss:0.07429
Epoch: 7, batch 54, IoU loss:0.05258, score loss:0.05258, cc loss:0.05258
Epoch: 7, batch 64, IoU loss:0.04546, score loss:0.04546, cc loss:0.04546
Epoch: 7, batch 74, IoU loss:0.07618, score loss:0.07618, cc loss:0.07618
Epoch: 7, batch 84, IoU loss:0.05367, score loss:0.05367, cc loss:0.05367
Epoch: 7, batch 94, IoU loss:0.05697, score loss:0.05697, cc loss:0.05697
Epoch: 7, batch 104, IoU loss:0.07858, score loss:0.07858, cc loss:0.07858
Epoch: 7, batch 114, IoU loss:0.06532, score loss:0.06532, cc loss:0.06532
Epoch: 7, batch 124, IoU loss:0.05216, score loss:0.05216, cc loss:0.05216
Epoch: 7, batch 134, IoU loss:0.06412, score loss:0.06412, cc loss:0.06412
Epoch: 7, batch 144, IoU loss:0.06205, score loss:0.06205, cc loss:0.06205
Epoch: 7, batch 154, IoU loss:0.05790, score loss:0.05790, cc loss:0.05790
Epoch: 7, batch 164, IoU loss:0.06810, score loss:0.06810, cc loss:0.06810
Epoch: 7, batch 174, IoU loss:0.06202, score loss:0.06202, cc loss:0.06202
Epoch: 7, batch 184, IoU loss:0.05683, score loss:0.05683, cc loss:0.05683
Epoch: 7, batch 194, IoU loss:0.06443, score loss:0.06443, cc loss:0.06443
Epoch: 7, batch 204, IoU loss:0.04425, score loss:0.04425, cc loss:0.04425
Epoch: 7, batch 214, IoU loss:0.05857, score loss:0.05857, cc loss:0.05857
Epoch: 7, batch 224, IoU loss:0.05874, score loss:0.05874, cc loss:0.05874
Epoch: 7, batch 234, IoU loss:0.05426, score loss:0.05426, cc loss:0.05426
Epoch: 7, batch 244, IoU loss:0.05391, score loss:0.05391, cc loss:0.05391
Epoch: 7, batch 254, IoU loss:0.05043, score loss:0.05043, cc loss:0.05043
Epoch: 7, batch 264, IoU loss:0.06127, score loss:0.06127, cc loss:0.06127
Epoch: 7, batch 274, IoU loss:0.06112, score loss:0.06112, cc loss:0.06112
Epoch: 7, batch 284, IoU loss:0.05185, score loss:0.05185, cc loss:0.05185
Epoch: 7, batch 294, IoU loss:0.06198, score loss:0.06198, cc loss:0.06198
Epoch: 7, batch 304, IoU loss:0.05560, score loss:0.05560, cc loss:0.05560
Epoch: 7, batch 314, IoU loss:0.06037, score loss:0.06037, cc loss:0.06037
Epoch: 7, batch 324, IoU loss:0.06751, score loss:0.06751, cc loss:0.06751
Epoch: 7, batch 334, IoU loss:0.04288, score loss:0.04288, cc loss:0.04288
Epoch: 7, batch 344, IoU loss:0.05405, score loss:0.05405, cc loss:0.05405
Epoch: 7, batch 354, IoU loss:0.05894, score loss:0.05894, cc loss:0.05894
Epoch: 7, batch 364, IoU loss:0.06598, score loss:0.06598, cc loss:0.06598
Epoch: 7, batch 374, IoU loss:0.06800, score loss:0.06800, cc loss:0.06800
Epoch: 7, batch 384, IoU loss:0.05410, score loss:0.05410, cc loss:0.05410
Epoch: 7, batch 394, IoU loss:0.05403, score loss:0.05403, cc loss:0.05403
Epoch: 7, batch 404, IoU loss:0.03138, score loss:0.03138, cc loss:0.03138
Epoch: 7, batch 414, IoU loss:0.05085, score loss:0.05085, cc loss:0.05085
Epoch: 7, batch 424, IoU loss:0.05916, score loss:0.05916, cc loss:0.05916
Epoch: 7, batch 434, IoU loss:0.06741, score loss:0.06741, cc loss:0.06741
Epoch: 7, batch 444, IoU loss:0.06100, score loss:0.06100, cc loss:0.06100
Epoch: 7, batch 454, IoU loss:0.04774, score loss:0.04774, cc loss:0.04774
Epoch: 7, batch 464, IoU loss:0.05906, score loss:0.05906, cc loss:0.05906
Epoch: 7, batch 474, IoU loss:0.04857, score loss:0.04857, cc loss:0.04857
Epoch: 7, batch 484, IoU loss:0.05885, score loss:0.05885, cc loss:0.05885
Epoch: 7, batch 494, IoU loss:0.06345, score loss:0.06345, cc loss:0.06345
Epoch: 8, batch 3, IoU loss:0.07377, score loss:0.07377, cc loss:0.07377
Epoch: 8, batch 13, IoU loss:0.04751, score loss:0.04751, cc loss:0.04751
Epoch: 8, batch 23, IoU loss:0.06140, score loss:0.06140, cc loss:0.06140
Epoch: 8, batch 33, IoU loss:0.04177, score loss:0.04177, cc loss:0.04177
Epoch: 8, batch 43, IoU loss:0.05516, score loss:0.05516, cc loss:0.05516
Epoch: 8, batch 53, IoU loss:0.05272, score loss:0.05272, cc loss:0.05272
Epoch: 8, batch 63, IoU loss:0.05525, score loss:0.05525, cc loss:0.05525
Epoch: 8, batch 73, IoU loss:0.07196, score loss:0.07196, cc loss:0.07196
Epoch: 8, batch 83, IoU loss:0.04557, score loss:0.04557, cc loss:0.04557
Epoch: 8, batch 93, IoU loss:0.07557, score loss:0.07557, cc loss:0.07557
Epoch: 8, batch 103, IoU loss:0.06216, score loss:0.06216, cc loss:0.06216
Epoch: 8, batch 113, IoU loss:0.04603, score loss:0.04603, cc loss:0.04603
Epoch: 8, batch 123, IoU loss:0.04926, score loss:0.04926, cc loss:0.04926
Epoch: 8, batch 133, IoU loss:0.04087, score loss:0.04087, cc loss:0.04087
Epoch: 8, batch 143, IoU loss:0.05359, score loss:0.05359, cc loss:0.05359
Epoch: 8, batch 153, IoU loss:0.03536, score loss:0.03536, cc loss:0.03536
Epoch: 8, batch 163, IoU loss:0.06559, score loss:0.06559, cc loss:0.06559
Epoch: 8, batch 173, IoU loss:0.05238, score loss:0.05238, cc loss:0.05238
Epoch: 8, batch 183, IoU loss:0.05319, score loss:0.05319, cc loss:0.05319
Epoch: 8, batch 193, IoU loss:0.07315, score loss:0.07315, cc loss:0.07315
Epoch: 8, batch 203, IoU loss:0.05732, score loss:0.05732, cc loss:0.05732
Epoch: 8, batch 213, IoU loss:0.07138, score loss:0.07138, cc loss:0.07138
Epoch: 8, batch 223, IoU loss:0.05875, score loss:0.05875, cc loss:0.05875
Epoch: 8, batch 233, IoU loss:0.06282, score loss:0.06282, cc loss:0.06282
Epoch: 8, batch 243, IoU loss:0.05830, score loss:0.05830, cc loss:0.05830
Epoch: 8, batch 253, IoU loss:0.05797, score loss:0.05797, cc loss:0.05797
Epoch: 8, batch 263, IoU loss:0.06892, score loss:0.06892, cc loss:0.06892
Epoch: 8, batch 273, IoU loss:0.06104, score loss:0.06104, cc loss:0.06104
Epoch: 8, batch 283, IoU loss:0.07567, score loss:0.07567, cc loss:0.07567
Epoch: 8, batch 293, IoU loss:0.07408, score loss:0.07408, cc loss:0.07408
Epoch: 8, batch 303, IoU loss:0.05062, score loss:0.05062, cc loss:0.05062
Epoch: 8, batch 313, IoU loss:0.06476, score loss:0.06476, cc loss:0.06476
Epoch: 8, batch 323, IoU loss:0.05575, score loss:0.05575, cc loss:0.05575
Epoch: 8, batch 333, IoU loss:0.04322, score loss:0.04322, cc loss:0.04322
Epoch: 8, batch 343, IoU loss:0.07611, score loss:0.07611, cc loss:0.07611
Epoch: 8, batch 353, IoU loss:0.06863, score loss:0.06863, cc loss:0.06863
Epoch: 8, batch 363, IoU loss:0.05410, score loss:0.05410, cc loss:0.05410
Epoch: 8, batch 373, IoU loss:0.06682, score loss:0.06682, cc loss:0.06682
Epoch: 8, batch 383, IoU loss:0.06248, score loss:0.06248, cc loss:0.06248
Epoch: 8, batch 393, IoU loss:0.05118, score loss:0.05118, cc loss:0.05118
Epoch: 8, batch 403, IoU loss:0.06662, score loss:0.06662, cc loss:0.06662
Epoch: 8, batch 413, IoU loss:0.06203, score loss:0.06203, cc loss:0.06203
Epoch: 8, batch 423, IoU loss:0.06006, score loss:0.06006, cc loss:0.06006
Epoch: 8, batch 433, IoU loss:0.05265, score loss:0.05265, cc loss:0.05265
Epoch: 8, batch 443, IoU loss:0.06700, score loss:0.06700, cc loss:0.06700
Epoch: 8, batch 453, IoU loss:0.05704, score loss:0.05704, cc loss:0.05704
Epoch: 8, batch 463, IoU loss:0.05260, score loss:0.05260, cc loss:0.05260
Epoch: 8, batch 473, IoU loss:0.08792, score loss:0.08792, cc loss:0.08792
Epoch: 8, batch 483, IoU loss:0.05809, score loss:0.05809, cc loss:0.05809
Epoch: 8, batch 493, IoU loss:0.04075, score loss:0.04075, cc loss:0.04075
Epoch: 9, batch 2, IoU loss:0.05802, score loss:0.05802, cc loss:0.05802
Epoch: 9, batch 12, IoU loss:0.06867, score loss:0.06867, cc loss:0.06867
Epoch: 9, batch 22, IoU loss:0.06063, score loss:0.06063, cc loss:0.06063
Epoch: 9, batch 32, IoU loss:0.05704, score loss:0.05704, cc loss:0.05704
Epoch: 9, batch 42, IoU loss:0.08348, score loss:0.08348, cc loss:0.08348
Epoch: 9, batch 52, IoU loss:0.06044, score loss:0.06044, cc loss:0.06044
Epoch: 9, batch 62, IoU loss:0.07360, score loss:0.07360, cc loss:0.07360
Epoch: 9, batch 72, IoU loss:0.03638, score loss:0.03638, cc loss:0.03638
Epoch: 9, batch 82, IoU loss:0.06508, score loss:0.06508, cc loss:0.06508
Epoch: 9, batch 92, IoU loss:0.03486, score loss:0.03486, cc loss:0.03486
Epoch: 9, batch 102, IoU loss:0.05117, score loss:0.05117, cc loss:0.05117
Epoch: 9, batch 112, IoU loss:0.04500, score loss:0.04500, cc loss:0.04500
Epoch: 9, batch 122, IoU loss:0.04042, score loss:0.04042, cc loss:0.04042
Epoch: 9, batch 132, IoU loss:0.08005, score loss:0.08005, cc loss:0.08005
Epoch: 9, batch 142, IoU loss:0.04353, score loss:0.04353, cc loss:0.04353
Epoch: 9, batch 152, IoU loss:0.06317, score loss:0.06317, cc loss:0.06317
Epoch: 9, batch 162, IoU loss:0.06725, score loss:0.06725, cc loss:0.06725
Epoch: 9, batch 172, IoU loss:0.04457, score loss:0.04457, cc loss:0.04457
Epoch: 9, batch 182, IoU loss:0.06104, score loss:0.06104, cc loss:0.06104
Epoch: 9, batch 192, IoU loss:0.07636, score loss:0.07636, cc loss:0.07636
Epoch: 9, batch 202, IoU loss:0.03984, score loss:0.03984, cc loss:0.03984
Epoch: 9, batch 212, IoU loss:0.04752, score loss:0.04752, cc loss:0.04752
Epoch: 9, batch 222, IoU loss:0.07486, score loss:0.07486, cc loss:0.07486
Epoch: 9, batch 232, IoU loss:0.04545, score loss:0.04545, cc loss:0.04545
Epoch: 9, batch 242, IoU loss:0.05069, score loss:0.05069, cc loss:0.05069
Epoch: 9, batch 252, IoU loss:0.06214, score loss:0.06214, cc loss:0.06214
Epoch: 9, batch 262, IoU loss:0.04853, score loss:0.04853, cc loss:0.04853
Epoch: 9, batch 272, IoU loss:0.07120, score loss:0.07120, cc loss:0.07120
Epoch: 9, batch 282, IoU loss:0.06665, score loss:0.06665, cc loss:0.06665
Epoch: 9, batch 292, IoU loss:0.07136, score loss:0.07136, cc loss:0.07136
Epoch: 9, batch 302, IoU loss:0.07949, score loss:0.07949, cc loss:0.07949
Epoch: 9, batch 312, IoU loss:0.05222, score loss:0.05222, cc loss:0.05222
Epoch: 9, batch 322, IoU loss:0.03173, score loss:0.03173, cc loss:0.03173
Epoch: 9, batch 332, IoU loss:0.06020, score loss:0.06020, cc loss:0.06020
Epoch: 9, batch 342, IoU loss:0.06616, score loss:0.06616, cc loss:0.06616
Epoch: 9, batch 352, IoU loss:0.04673, score loss:0.04673, cc loss:0.04673
Epoch: 9, batch 362, IoU loss:0.06551, score loss:0.06551, cc loss:0.06551
Epoch: 9, batch 372, IoU loss:0.04547, score loss:0.04547, cc loss:0.04547
Epoch: 9, batch 382, IoU loss:0.03969, score loss:0.03969, cc loss:0.03969
Epoch: 9, batch 392, IoU loss:0.04043, score loss:0.04043, cc loss:0.04043
Epoch: 9, batch 402, IoU loss:0.04300, score loss:0.04300, cc loss:0.04300
Epoch: 9, batch 412, IoU loss:0.05293, score loss:0.05293, cc loss:0.05293
Epoch: 9, batch 422, IoU loss:0.04783, score loss:0.04783, cc loss:0.04783
Epoch: 9, batch 432, IoU loss:0.09292, score loss:0.09292, cc loss:0.09292
Epoch: 9, batch 442, IoU loss:0.06634, score loss:0.06634, cc loss:0.06634
Epoch: 9, batch 452, IoU loss:0.07213, score loss:0.07213, cc loss:0.07213
Epoch: 9, batch 462, IoU loss:0.03928, score loss:0.03928, cc loss:0.03928
Epoch: 9, batch 472, IoU loss:0.05518, score loss:0.05518, cc loss:0.05518
Epoch: 9, batch 482, IoU loss:0.05393, score loss:0.05393, cc loss:0.05393
Epoch: 9, batch 492, IoU loss:0.06694, score loss:0.06694, cc loss:0.06694
Epoch: 10, batch 1, IoU loss:0.05886, score loss:0.05886, cc loss:0.05886
Epoch: 10, batch 11, IoU loss:0.05894, score loss:0.05894, cc loss:0.05894
Epoch: 10, batch 21, IoU loss:0.07579, score loss:0.07579, cc loss:0.07579
Epoch: 10, batch 31, IoU loss:0.05324, score loss:0.05324, cc loss:0.05324
Epoch: 10, batch 41, IoU loss:0.05473, score loss:0.05473, cc loss:0.05473
Epoch: 10, batch 51, IoU loss:0.06566, score loss:0.06566, cc loss:0.06566
Epoch: 10, batch 61, IoU loss:0.06068, score loss:0.06068, cc loss:0.06068
Epoch: 10, batch 71, IoU loss:0.05161, score loss:0.05161, cc loss:0.05161
Epoch: 10, batch 81, IoU loss:0.07648, score loss:0.07648, cc loss:0.07648
Epoch: 10, batch 91, IoU loss:0.06436, score loss:0.06436, cc loss:0.06436
Epoch: 10, batch 101, IoU loss:0.04285, score loss:0.04285, cc loss:0.04285
Epoch: 10, batch 111, IoU loss:0.07994, score loss:0.07994, cc loss:0.07994
Epoch: 10, batch 121, IoU loss:0.07342, score loss:0.07342, cc loss:0.07342
Epoch: 10, batch 131, IoU loss:0.05707, score loss:0.05707, cc loss:0.05707
Epoch: 10, batch 141, IoU loss:0.05740, score loss:0.05740, cc loss:0.05740
Epoch: 10, batch 151, IoU loss:0.05220, score loss:0.05220, cc loss:0.05220
Epoch: 10, batch 161, IoU loss:0.03972, score loss:0.03972, cc loss:0.03972
Epoch: 10, batch 171, IoU loss:0.06857, score loss:0.06857, cc loss:0.06857
Epoch: 10, batch 181, IoU loss:0.07963, score loss:0.07963, cc loss:0.07963
Epoch: 10, batch 191, IoU loss:0.07443, score loss:0.07443, cc loss:0.07443
Epoch: 10, batch 201, IoU loss:0.08746, score loss:0.08746, cc loss:0.08746
Epoch: 10, batch 211, IoU loss:0.06819, score loss:0.06819, cc loss:0.06819
Epoch: 10, batch 221, IoU loss:0.09084, score loss:0.09084, cc loss:0.09084
Epoch: 10, batch 231, IoU loss:0.07713, score loss:0.07713, cc loss:0.07713
Epoch: 10, batch 241, IoU loss:0.06885, score loss:0.06885, cc loss:0.06885
Epoch: 10, batch 251, IoU loss:0.06832, score loss:0.06832, cc loss:0.06832
Epoch: 10, batch 261, IoU loss:0.04687, score loss:0.04687, cc loss:0.04687
Epoch: 10, batch 271, IoU loss:0.05019, score loss:0.05019, cc loss:0.05019
Epoch: 10, batch 281, IoU loss:0.04408, score loss:0.04408, cc loss:0.04408
Epoch: 10, batch 291, IoU loss:0.06388, score loss:0.06388, cc loss:0.06388
Epoch: 10, batch 301, IoU loss:0.04585, score loss:0.04585, cc loss:0.04585
Epoch: 10, batch 311, IoU loss:0.04869, score loss:0.04869, cc loss:0.04869
Epoch: 10, batch 321, IoU loss:0.04508, score loss:0.04508, cc loss:0.04508
Epoch: 10, batch 331, IoU loss:0.07296, score loss:0.07296, cc loss:0.07296
Epoch: 10, batch 341, IoU loss:0.05039, score loss:0.05039, cc loss:0.05039
Epoch: 10, batch 351, IoU loss:0.06157, score loss:0.06157, cc loss:0.06157
Epoch: 10, batch 361, IoU loss:0.07090, score loss:0.07090, cc loss:0.07090
Epoch: 10, batch 371, IoU loss:0.06361, score loss:0.06361, cc loss:0.06361
Epoch: 10, batch 381, IoU loss:0.06424, score loss:0.06424, cc loss:0.06424
Epoch: 10, batch 391, IoU loss:0.06954, score loss:0.06954, cc loss:0.06954
Epoch: 10, batch 401, IoU loss:0.05665, score loss:0.05665, cc loss:0.05665
Epoch: 10, batch 411, IoU loss:0.05845, score loss:0.05845, cc loss:0.05845
Epoch: 10, batch 421, IoU loss:0.06929, score loss:0.06929, cc loss:0.06929
Epoch: 10, batch 431, IoU loss:0.05789, score loss:0.05789, cc loss:0.05789
Epoch: 10, batch 441, IoU loss:0.04519, score loss:0.04519, cc loss:0.04519
Epoch: 10, batch 451, IoU loss:0.07094, score loss:0.07094, cc loss:0.07094
Epoch: 10, batch 461, IoU loss:0.05939, score loss:0.05939, cc loss:0.05939
Epoch: 10, batch 471, IoU loss:0.06568, score loss:0.06568, cc loss:0.06568
Epoch: 10, batch 481, IoU loss:0.09217, score loss:0.09217, cc loss:0.09217
Epoch: 10, batch 491, IoU loss:0.05493, score loss:0.05493, cc loss:0.05493
Epoch: 10, batch 501, IoU loss:0.06893, score loss:0.06893, cc loss:0.06893
Epoch: 11, batch 10, IoU loss:0.06854, score loss:0.06854, cc loss:0.06854
Epoch: 11, batch 20, IoU loss:0.06411, score loss:0.06411, cc loss:0.06411
Epoch: 11, batch 30, IoU loss:0.06623, score loss:0.06623, cc loss:0.06623
Epoch: 11, batch 40, IoU loss:0.06502, score loss:0.06502, cc loss:0.06502
Epoch: 11, batch 50, IoU loss:0.06437, score loss:0.06437, cc loss:0.06437
Epoch: 11, batch 60, IoU loss:0.03467, score loss:0.03467, cc loss:0.03467
Epoch: 11, batch 70, IoU loss:0.05012, score loss:0.05012, cc loss:0.05012
Epoch: 11, batch 80, IoU loss:0.07734, score loss:0.07734, cc loss:0.07734
Epoch: 11, batch 90, IoU loss:0.07400, score loss:0.07400, cc loss:0.07400
Epoch: 11, batch 100, IoU loss:0.05766, score loss:0.05766, cc loss:0.05766
Epoch: 11, batch 110, IoU loss:0.05721, score loss:0.05721, cc loss:0.05721
Epoch: 11, batch 120, IoU loss:0.04857, score loss:0.04857, cc loss:0.04857
Epoch: 11, batch 130, IoU loss:0.03565, score loss:0.03565, cc loss:0.03565
Epoch: 11, batch 140, IoU loss:0.07410, score loss:0.07410, cc loss:0.07410
Epoch: 11, batch 150, IoU loss:0.05200, score loss:0.05200, cc loss:0.05200
Epoch: 11, batch 160, IoU loss:0.03794, score loss:0.03794, cc loss:0.03794
Epoch: 11, batch 170, IoU loss:0.06414, score loss:0.06414, cc loss:0.06414
Epoch: 11, batch 180, IoU loss:0.07996, score loss:0.07996, cc loss:0.07996
Epoch: 11, batch 190, IoU loss:0.06645, score loss:0.06645, cc loss:0.06645
Epoch: 11, batch 200, IoU loss:0.04882, score loss:0.04882, cc loss:0.04882
Epoch: 11, batch 210, IoU loss:0.05479, score loss:0.05479, cc loss:0.05479
Epoch: 11, batch 220, IoU loss:0.04017, score loss:0.04017, cc loss:0.04017
Epoch: 11, batch 230, IoU loss:0.05976, score loss:0.05976, cc loss:0.05976
Epoch: 11, batch 240, IoU loss:0.06499, score loss:0.06499, cc loss:0.06499
Epoch: 11, batch 250, IoU loss:0.07602, score loss:0.07602, cc loss:0.07602
Epoch: 11, batch 260, IoU loss:0.05235, score loss:0.05235, cc loss:0.05235
Epoch: 11, batch 270, IoU loss:0.05408, score loss:0.05408, cc loss:0.05408
Epoch: 11, batch 280, IoU loss:0.05185, score loss:0.05185, cc loss:0.05185
Epoch: 11, batch 290, IoU loss:0.05423, score loss:0.05423, cc loss:0.05423
Epoch: 11, batch 300, IoU loss:0.04273, score loss:0.04273, cc loss:0.04273
Epoch: 11, batch 310, IoU loss:0.05622, score loss:0.05622, cc loss:0.05622
Epoch: 11, batch 320, IoU loss:0.07961, score loss:0.07961, cc loss:0.07961
Epoch: 11, batch 330, IoU loss:0.07676, score loss:0.07676, cc loss:0.07676
Epoch: 11, batch 340, IoU loss:0.06648, score loss:0.06648, cc loss:0.06648
Epoch: 11, batch 350, IoU loss:0.05672, score loss:0.05672, cc loss:0.05672
Epoch: 11, batch 360, IoU loss:0.05997, score loss:0.05997, cc loss:0.05997
Epoch: 11, batch 370, IoU loss:0.05698, score loss:0.05698, cc loss:0.05698
Epoch: 11, batch 380, IoU loss:0.06639, score loss:0.06639, cc loss:0.06639
Epoch: 11, batch 390, IoU loss:0.06514, score loss:0.06514, cc loss:0.06514
Epoch: 11, batch 400, IoU loss:0.05395, score loss:0.05395, cc loss:0.05395
Epoch: 11, batch 410, IoU loss:0.06686, score loss:0.06686, cc loss:0.06686
Epoch: 11, batch 420, IoU loss:0.06652, score loss:0.06652, cc loss:0.06652
Epoch: 11, batch 430, IoU loss:0.04119, score loss:0.04119, cc loss:0.04119
Epoch: 11, batch 440, IoU loss:0.05803, score loss:0.05803, cc loss:0.05803
Epoch: 11, batch 450, IoU loss:0.07226, score loss:0.07226, cc loss:0.07226
Epoch: 11, batch 460, IoU loss:0.04522, score loss:0.04522, cc loss:0.04522
Epoch: 11, batch 470, IoU loss:0.05089, score loss:0.05089, cc loss:0.05089
Epoch: 11, batch 480, IoU loss:0.04447, score loss:0.04447, cc loss:0.04447
Epoch: 11, batch 490, IoU loss:0.07830, score loss:0.07830, cc loss:0.07830
Epoch: 11, batch 500, IoU loss:0.05690, score loss:0.05690, cc loss:0.05690
Epoch: 12, batch 9, IoU loss:0.05967, score loss:0.05967, cc loss:0.05967
Epoch: 12, batch 19, IoU loss:0.05747, score loss:0.05747, cc loss:0.05747
Epoch: 12, batch 29, IoU loss:0.05478, score loss:0.05478, cc loss:0.05478
Epoch: 12, batch 39, IoU loss:0.05367, score loss:0.05367, cc loss:0.05367
Epoch: 12, batch 49, IoU loss:0.06364, score loss:0.06364, cc loss:0.06364
Epoch: 12, batch 59, IoU loss:0.05813, score loss:0.05813, cc loss:0.05813
Epoch: 12, batch 69, IoU loss:0.05624, score loss:0.05624, cc loss:0.05624
Epoch: 12, batch 79, IoU loss:0.06979, score loss:0.06979, cc loss:0.06979
Epoch: 12, batch 89, IoU loss:0.05321, score loss:0.05321, cc loss:0.05321
Epoch: 12, batch 99, IoU loss:0.05528, score loss:0.05528, cc loss:0.05528
Epoch: 12, batch 109, IoU loss:0.06070, score loss:0.06070, cc loss:0.06070
Epoch: 12, batch 119, IoU loss:0.05682, score loss:0.05682, cc loss:0.05682
Epoch: 12, batch 129, IoU loss:0.05308, score loss:0.05308, cc loss:0.05308
Epoch: 12, batch 139, IoU loss:0.05146, score loss:0.05146, cc loss:0.05146
Epoch: 12, batch 149, IoU loss:0.06700, score loss:0.06700, cc loss:0.06700
Epoch: 12, batch 159, IoU loss:0.06083, score loss:0.06083, cc loss:0.06083
Epoch: 12, batch 169, IoU loss:0.07083, score loss:0.07083, cc loss:0.07083
Epoch: 12, batch 179, IoU loss:0.06497, score loss:0.06497, cc loss:0.06497
Epoch: 12, batch 189, IoU loss:0.06285, score loss:0.06285, cc loss:0.06285
Epoch: 12, batch 199, IoU loss:0.06665, score loss:0.06665, cc loss:0.06665
Epoch: 12, batch 209, IoU loss:0.06671, score loss:0.06671, cc loss:0.06671
Epoch: 12, batch 219, IoU loss:0.07946, score loss:0.07946, cc loss:0.07946
Epoch: 12, batch 229, IoU loss:0.05476, score loss:0.05476, cc loss:0.05476
Epoch: 12, batch 239, IoU loss:0.06096, score loss:0.06096, cc loss:0.06096
Epoch: 12, batch 249, IoU loss:0.05553, score loss:0.05553, cc loss:0.05553
Epoch: 12, batch 259, IoU loss:0.05773, score loss:0.05773, cc loss:0.05773
Epoch: 12, batch 269, IoU loss:0.05415, score loss:0.05415, cc loss:0.05415
Epoch: 12, batch 279, IoU loss:0.05164, score loss:0.05164, cc loss:0.05164
Epoch: 12, batch 289, IoU loss:0.06050, score loss:0.06050, cc loss:0.06050
Epoch: 12, batch 299, IoU loss:0.03290, score loss:0.03290, cc loss:0.03290
Epoch: 12, batch 309, IoU loss:0.04048, score loss:0.04048, cc loss:0.04048
Epoch: 12, batch 319, IoU loss:0.04305, score loss:0.04305, cc loss:0.04305
Epoch: 12, batch 329, IoU loss:0.06617, score loss:0.06617, cc loss:0.06617
Epoch: 12, batch 339, IoU loss:0.06763, score loss:0.06763, cc loss:0.06763
Epoch: 12, batch 349, IoU loss:0.05908, score loss:0.05908, cc loss:0.05908
Epoch: 12, batch 359, IoU loss:0.06859, score loss:0.06859, cc loss:0.06859
Epoch: 12, batch 369, IoU loss:0.06209, score loss:0.06209, cc loss:0.06209
Epoch: 12, batch 379, IoU loss:0.04976, score loss:0.04976, cc loss:0.04976
Epoch: 12, batch 389, IoU loss:0.05891, score loss:0.05891, cc loss:0.05891
Epoch: 12, batch 399, IoU loss:0.05099, score loss:0.05099, cc loss:0.05099
Epoch: 12, batch 409, IoU loss:0.06393, score loss:0.06393, cc loss:0.06393
Epoch: 12, batch 419, IoU loss:0.06391, score loss:0.06391, cc loss:0.06391
Epoch: 12, batch 429, IoU loss:0.03316, score loss:0.03316, cc loss:0.03316
Epoch: 12, batch 439, IoU loss:0.06269, score loss:0.06269, cc loss:0.06269
Epoch: 12, batch 449, IoU loss:0.04794, score loss:0.04794, cc loss:0.04794
Epoch: 12, batch 459, IoU loss:0.06747, score loss:0.06747, cc loss:0.06747
Epoch: 12, batch 469, IoU loss:0.03991, score loss:0.03991, cc loss:0.03991
Epoch: 12, batch 479, IoU loss:0.04338, score loss:0.04338, cc loss:0.04338
Epoch: 12, batch 489, IoU loss:0.05433, score loss:0.05433, cc loss:0.05433
Epoch: 12, batch 499, IoU loss:0.05852, score loss:0.05852, cc loss:0.05852
Epoch: 13, batch 8, IoU loss:0.05001, score loss:0.05001, cc loss:0.05001
Epoch: 13, batch 18, IoU loss:0.06597, score loss:0.06597, cc loss:0.06597
Epoch: 13, batch 28, IoU loss:0.05749, score loss:0.05749, cc loss:0.05749
Epoch: 13, batch 38, IoU loss:0.09167, score loss:0.09167, cc loss:0.09167
Epoch: 13, batch 48, IoU loss:0.05520, score loss:0.05520, cc loss:0.05520
Epoch: 13, batch 58, IoU loss:0.07935, score loss:0.07935, cc loss:0.07935
Epoch: 13, batch 68, IoU loss:0.04154, score loss:0.04154, cc loss:0.04154
Epoch: 13, batch 78, IoU loss:0.06071, score loss:0.06071, cc loss:0.06071
Epoch: 13, batch 88, IoU loss:0.04993, score loss:0.04993, cc loss:0.04993
Epoch: 13, batch 98, IoU loss:0.06314, score loss:0.06314, cc loss:0.06314
